<?xml version="1.0" encoding="UTF-8"?>
<!-- Generated by org.testng.reporters.JUnitReportReporter -->
<testsuite hostname="Dnyaneshwar" failures="0" tests="2" name="ParallelTestExecution.ParallelTestExecutionClass2" time="0.021" errors="0" timestamp="2022-11-15T10:14:23 IST" skipped="0">
  <testcase classname="ParallelTestExecution.ParallelTestExecutionClass2" name="testCase6" time="0.005"/>
  <system-out/>
  <testcase classname="ParallelTestExecution.ParallelTestExecutionClass2" name="testCase5" time="0.016"/>
  <system-out/>
</testsuite> <!-- ParallelTestExecution.ParallelTestExecutionClass2 -->
