<?xml version="1.0" encoding="UTF-8"?>
<!-- Generated by org.testng.reporters.JUnitReportReporter -->
<testsuite hostname="Dnyaneshwar" failures="0" tests="4" name="ParallelTestExecution.ParallelTestExecutionMethods" time="0.071" errors="0" timestamp="2022-11-15T10:12:06 IST" skipped="0">
  <testcase classname="ParallelTestExecution.ParallelTestExecutionMethods" name="testCase2" time="0.017"/>
  <system-out/>
  <testcase classname="ParallelTestExecution.ParallelTestExecutionMethods" name="testCase3" time="0.012"/>
  <system-out/>
  <testcase classname="ParallelTestExecution.ParallelTestExecutionMethods" name="testCase1" time="0.027"/>
  <system-out/>
  <testcase classname="ParallelTestExecution.ParallelTestExecutionMethods" name="testCase4" time="0.015"/>
  <system-out/>
</testsuite> <!-- ParallelTestExecution.ParallelTestExecutionMethods -->
