<?xml version="1.0" encoding="UTF-8"?>
<!-- Generated by org.testng.reporters.JUnitReportReporter -->
<testsuite hostname="Dnyaneshwar" failures="0" tests="1" name="failedtestcases.CaptureScreenshot" time="15.996" errors="0" timestamp="2022-10-26T20:34:13 IST" skipped="0">
  <testcase classname="failedtestcases.CaptureScreenshot" name="captureScreenshot" time="15.996"/>
  <system-out/>
</testsuite> <!-- failedtestcases.CaptureScreenshot -->
