<?xml version="1.0" encoding="UTF-8"?>
<!-- Generated by org.testng.reporters.JUnitReportReporter -->
<testsuite hostname="Dnyaneshwar" failures="0" tests="1" name="dataproviderdemo.DataProviderDemo1" time="0.026" errors="0" timestamp="2022-11-05T14:20:11 IST" skipped="0">
  <testcase classname="dataproviderdemo.DataProviderDemo1" name="login" time="0.026"/>
  <system-out/>
</testsuite> <!-- dataproviderdemo.DataProviderDemo1 -->
