<?xml version="1.0" encoding="UTF-8"?>
<!-- Generated by org.testng.reporters.JUnitReportReporter -->
<testsuite hostname="Dnyaneshwar" failures="0" tests="3" name="TestNG.TimeOut" time="0.048" errors="0" timestamp="2021-12-25T16:06:44 IST" skipped="0">
  <testcase classname="TestNG.TimeOut" name="landingPage" time="0.022"/>
  <system-out/>
  <testcase classname="TestNG.TimeOut" name="contactVerify" time="0.018"/>
  <system-out/>
  <testcase classname="TestNG.TimeOut" name="loanContact" time="0.008"/>
  <system-out/>
</testsuite> <!-- TestNG.TimeOut -->
