<?xml version="1.0" encoding="UTF-8"?>
<!-- Generated by org.testng.reporters.JUnitReportReporter -->
<testsuite hostname="Dnyaneshwar" failures="0" tests="3" name="TestNG.InvocationCountDemo" time="0.031" errors="0" timestamp="2021-09-29T12:36:19 IST" skipped="0">
  <testcase classname="TestNG.InvocationCountDemo" name="test1" time="0.003"/>
  <system-out/>
  <testcase classname="TestNG.InvocationCountDemo" name="test1" time="0.018"/>
  <system-out/>
  <testcase classname="TestNG.InvocationCountDemo" name="test1" time="0.010"/>
  <system-out/>
</testsuite> <!-- TestNG.InvocationCountDemo -->
