<?xml version="1.0" encoding="UTF-8"?>
<!-- Generated by org.testng.reporters.JUnitReportReporter -->
<testsuite hostname="Dnyaneshwar" failures="0" tests="2" name="TestNG.EnabledequaltoFalseDemo" time="0.031" errors="0" timestamp="2021-09-29T13:51:38 IST" skipped="1">
  <testcase classname="TestNG.EnabledequaltoFalseDemo" name="test3" time="0.031"/>
  <system-out/>
  <testcase classname="TestNG.EnabledequaltoFalseDemo" name="test2">
    <skipped/>
  </testcase> <!-- test2 -->
  <system-out/>
</testsuite> <!-- TestNG.EnabledequaltoFalseDemo -->
