<?xml version="1.0" encoding="UTF-8"?>
<!-- Generated by org.testng.reporters.JUnitReportReporter -->
<testsuite hostname="Dnyaneshwar" failures="0" tests="1" name="Assertion.SoftAssert1" time="0.025" errors="0" timestamp="2022-10-28T21:32:44 IST" skipped="0">
  <testcase classname="Assertion.SoftAssert1" name="verifyPageTitle" time="0.025"/>
  <system-out/>
</testsuite> <!-- Assertion.SoftAssert1 -->
