<?xml version="1.0" encoding="UTF-8"?>
<!-- Generated by org.testng.reporters.JUnitReportReporter -->
<testsuite hostname="Dnyaneshwar" failures="0" tests="4" name="TestNG.DependsOnMethods" time="0.328" errors="0" timestamp="2022-11-15T09:40:15 IST" skipped="0">
  <testcase classname="TestNG.DependsOnMethods" name="search" time="0.007"/>
  <system-out/>
  <testcase classname="TestNG.DependsOnMethods" name="advancedSearch" time="0.173"/>
  <system-out/>
  <testcase classname="TestNG.DependsOnMethods" name="logout" time="0.142"/>
  <system-out/>
  <testcase classname="TestNG.DependsOnMethods" name="login" time="0.006"/>
  <system-out/>
</testsuite> <!-- TestNG.DependsOnMethods -->
