<?xml version="1.0" encoding="UTF-8"?>
<!-- Generated by org.testng.reporters.JUnitReportReporter -->
<testsuite skipped="0" hostname="Dnyaneshwar" name="ParallelTestExecution.ParallelTestExecutionMethods" tests="4" failures="0" timestamp="2023-01-24T22:20:13 IST" time="0.096" errors="0">
  <testcase name="testCase2" time="0.040" classname="ParallelTestExecution.ParallelTestExecutionMethods"/>
  <system-out/>
  <testcase name="testCase4" time="0.024" classname="ParallelTestExecution.ParallelTestExecutionMethods"/>
  <system-out/>
  <testcase name="testCase3" time="0.016" classname="ParallelTestExecution.ParallelTestExecutionMethods"/>
  <system-out/>
  <testcase name="testCase1" time="0.016" classname="ParallelTestExecution.ParallelTestExecutionMethods"/>
  <system-out/>
</testsuite> <!-- ParallelTestExecution.ParallelTestExecutionMethods -->
