<?xml version="1.0" encoding="UTF-8"?>
<!-- Generated by org.testng.reporters.JUnitReportReporter -->
<testsuite hostname="Dnyaneshwar" failures="0" tests="3" name="TestNGBeforeAfterTest.Demo1" time="0.025" errors="0" timestamp="2022-11-15T10:07:42 IST" skipped="0">
  <testcase classname="TestNGBeforeAfterTest.Demo1" name="addVendor" time="0.005"/>
  <system-out/>
  <testcase classname="TestNGBeforeAfterTest.Demo1" name="addProduct" time="0.010"/>
  <system-out/>
  <testcase classname="TestNGBeforeAfterTest.Demo1" name="addCurrency" time="0.010"/>
  <system-out/>
</testsuite> <!-- TestNGBeforeAfterTest.Demo1 -->
