<?xml version="1.0" encoding="UTF-8"?>
<!-- Generated by org.testng.reporters.JUnitReportReporter -->
<testsuite hostname="Dnyaneshwar" failures="0" tests="3" name="TestNG.BeforeAfterMethod" time="0.029" errors="0" timestamp="2021-12-25T16:10:21 IST" skipped="0">
  <testcase classname="TestNG.BeforeAfterMethod" name="addVendor" time="0.014"/>
  <system-out/>
  <testcase classname="TestNG.BeforeAfterMethod" name="addProduct" time="0.003"/>
  <system-out/>
  <testcase classname="TestNG.BeforeAfterMethod" name="addCurrency" time="0.012"/>
  <system-out/>
</testsuite> <!-- TestNG.BeforeAfterMethod -->
