<?xml version="1.0" encoding="UTF-8"?>
<!-- Generated by org.testng.reporters.JUnitReportReporter -->
<testsuite hostname="Dnyaneshwar" failures="0" tests="2" name="TestNG_Grouping.ClassName" time="0.024" errors="0" timestamp="2022-11-15T09:49:08 IST" skipped="0">
  <testcase classname="TestNG_Grouping.ClassName" name="logout" time="0.021"/>
  <system-out/>
  <testcase classname="TestNG_Grouping.ClassName" name="search" time="0.003"/>
  <system-out/>
</testsuite> <!-- TestNG_Grouping.ClassName -->
