<?xml version="1.0" encoding="UTF-8"?>
<!-- Generated by org.testng.reporters.JUnitReportReporter -->
<testsuite skipped="0" hostname="Dnyaneshwar" name="dataproviderdemo.DataProviderDemo2" tests="1" failures="0" timestamp="2023-01-27T22:46:00 IST" time="11.932" errors="0">
  <testcase name="login" time="11.932" classname="dataproviderdemo.DataProviderDemo2"/>
  <system-out/>
</testsuite> <!-- dataproviderdemo.DataProviderDemo2 -->
