<?xml version="1.0" encoding="UTF-8"?>
<!-- Generated by org.testng.reporters.JUnitReportReporter -->
<testsuite skipped="0" hostname="Dnyaneshwar" name="TestNGBeforeAfterTest.Demo1" tests="3" failures="0" timestamp="2023-02-07T15:20:58 IST" time="0.037" errors="0">
  <testcase name="addVendor" time="0.017" classname="TestNGBeforeAfterTest.Demo1"/>
  <system-out/>
  <testcase name="addCurrency" time="0.017" classname="TestNGBeforeAfterTest.Demo1"/>
  <system-out/>
  <testcase name="addProduct" time="0.003" classname="TestNGBeforeAfterTest.Demo1"/>
  <system-out/>
</testsuite> <!-- TestNGBeforeAfterTest.Demo1 -->
