<?xml version="1.0" encoding="UTF-8"?>
<!-- Generated by org.testng.reporters.JUnitReportReporter -->
<testsuite hostname="Dnyaneshwar" failures="0" tests="3" name="TestNG.PriorityTC" time="0.018" errors="0" timestamp="2021-10-31T14:38:30 IST" skipped="0">
  <testcase classname="TestNG.PriorityTC" name="abcd" time="0.015"/>
  <system-out/>
  <testcase classname="TestNG.PriorityTC" name="verifyTitle" time="0.002"/>
  <system-out/>
  <testcase classname="TestNG.PriorityTC" name="abc" time="0.001"/>
  <system-out/>
</testsuite> <!-- TestNG.PriorityTC -->
