<?xml version="1.0" encoding="UTF-8"?>
<!-- Generated by org.testng.reporters.JUnitReportReporter -->
<testsuite hostname="Dnyaneshwar" failures="0" tests="1" name="dataproviderdemo.DataProviderDemo2" time="19.321" errors="0" timestamp="2022-10-26T20:22:49 IST" skipped="0">
  <testcase classname="dataproviderdemo.DataProviderDemo2" name="login" time="19.321"/>
  <system-out/>
</testsuite> <!-- dataproviderdemo.DataProviderDemo2 -->
