<?xml version="1.0" encoding="UTF-8"?>
<!-- Generated by org.testng.reporters.JUnitReportReporter -->
<testsuite hostname="Dnyaneshwar" failures="0" tests="3" name="TestNGBeforeAfterTest.Demo3" time="0.005" errors="0" timestamp="2021-12-25T16:09:47 IST" skipped="0">
  <testcase classname="TestNGBeforeAfterTest.Demo3" name="abcd" time="0.002"/>
  <system-out/>
  <testcase classname="TestNGBeforeAfterTest.Demo3" name="verifyTitle" time="0.001"/>
  <system-out/>
  <testcase classname="TestNGBeforeAfterTest.Demo3" name="abc" time="0.002"/>
  <system-out/>
</testsuite> <!-- TestNGBeforeAfterTest.Demo3 -->
