<?xml version="1.0" encoding="UTF-8"?>
<!-- Generated by org.testng.reporters.JUnitReportReporter -->
<testsuite hostname="Dnyaneshwar" failures="0" tests="3" name="TestNG.BeforeAfterClass" time="0.020" errors="0" timestamp="2021-09-27T12:34:18 IST" skipped="0">
  <testcase classname="TestNG.BeforeAfterClass" name="addProduct" time="0.003"/>
  <system-out/>
  <testcase classname="TestNG.BeforeAfterClass" name="addCurrency" time="0.016"/>
  <system-out/>
  <testcase classname="TestNG.BeforeAfterClass" name="addVendor" time="0.001"/>
  <system-out/>
</testsuite> <!-- TestNG.BeforeAfterClass -->
