<?xml version="1.0" encoding="UTF-8"?>
<!-- Generated by org.testng.reporters.JUnitReportReporter -->
<testsuite skipped="0" hostname="Dnyaneshwar" name="failedtestcases.CaptureScreenshot" tests="1" failures="0" timestamp="2023-01-27T22:44:57 IST" time="18.843" errors="0">
  <testcase name="captureScreenshot" time="18.843" classname="failedtestcases.CaptureScreenshot"/>
  <system-out/>
</testsuite> <!-- failedtestcases.CaptureScreenshot -->
