<?xml version="1.0" encoding="UTF-8"?>
<!-- Generated by org.testng.reporters.JUnitReportReporter -->
<testsuite hostname="Dnyaneshwar" failures="0" tests="4" name="ParallelTestExecution.ParallelTestExecutionClass1" time="0.034" errors="0" timestamp="2022-11-15T10:14:23 IST" skipped="0">
  <testcase classname="ParallelTestExecution.ParallelTestExecutionClass1" name="testCase2" time="0.003"/>
  <system-out/>
  <testcase classname="ParallelTestExecution.ParallelTestExecutionClass1" name="testCase3" time="0.010"/>
  <system-out/>
  <testcase classname="ParallelTestExecution.ParallelTestExecutionClass1" name="testCase1" time="0.015"/>
  <system-out/>
  <testcase classname="ParallelTestExecution.ParallelTestExecutionClass1" name="testCase4" time="0.006"/>
  <system-out/>
</testsuite> <!-- ParallelTestExecution.ParallelTestExecutionClass1 -->
